This is pdfTeX, Version 3.141592653-2.6-1.40.25 (MiKTeX 23.12) (preloaded format=pdflatex 2024.1.7)  22 JUL 2025 22:37
entering extended mode
 restricted \write18 enabled.
 %&-line parsing enabled.
**./RLearning2-1.pdf
(RLearning2-1.pdf
LaTeX2e <2023-11-01>
L3 programming layer <2023-12-11>

! LaTeX Error: Missing \begin{document}.

See the LaTeX manual or LaTeX Companion for explanation.
Type  H <return>  for immediate help.
 ...                                              
                                                  
l.3 1
     0 0 obj
You're in trouble here.  Try typing  <return>  to proceed.
If that doesn't work, type  X <return>  to quit.

Missing character: There is no 1 in font nullfont!
Missing character: There is no 0 in font nullfont!
Missing character: There is no 0 in font nullfont!
Missing character: There is no o in font nullfont!
Missing character: There is no b in font nullfont!
Missing character: There is no j in font nullfont!
Missing character: There is no < in font nullfont!
Missing character: There is no < in font nullfont!
Missing character: There is no / in font nullfont!
Missing character: There is no S in font nullfont!
Missing character: There is no / in font nullfont!
Missing character: There is no G in font nullfont!
Missing character: There is no o in font nullfont!
Missing character: There is no T in font nullfont!
Missing character: There is no o in font nullfont!
Missing character: There is no / in font nullfont!
Missing character: There is no D in font nullfont!
Missing character: There is no ( in font nullfont!
Missing character: There is no O in font nullfont!
Missing character: There is no u in font nullfont!
Missing character: There is no t in font nullfont!
Missing character: There is no l in font nullfont!
Missing character: There is no i in font nullfont!
Missing character: There is no n in font nullfont!
Missing character: There is no e in font nullfont!
Missing character: There is no 0 in font nullfont!
Missing character: There is no . in font nullfont!
Missing character: There is no 1 in font nullfont!
Missing character: There is no ) in font nullfont!
Missing character: There is no > in font nullfont!
Missing character: There is no > in font nullfont!
Missing character: There is no e in font nullfont!
Missing character: There is no n in font nullfont!
Missing character: There is no d in font nullfont!
Missing character: There is no o in font nullfont!
Missing character: There is no b in font nullfont!
Missing character: There is no j in font nullfont!
Missing character: There is no 1 in font nullfont!
Missing character: There is no 3 in font nullfont!
Missing character: There is no 0 in font nullfont!
Missing character: There is no o in font nullfont!
Missing character: There is no b in font nullfont!
Missing character: There is no j in font nullfont!
Missing character: There is no ( in font nullfont!
Missing character: There is no M in font nullfont!
Missing character: There is no a in font nullfont!
Missing character: There is no r in font nullfont!
Missing character: There is no k in font nullfont!
Missing character: There is no o in font nullfont!
Missing character: There is no v in font nullfont!
Missing character: There is no P in font nullfont!
Missing character: There is no r in font nullfont!
Missing character: There is no o in font nullfont!
Missing character: There is no c in font nullfont!
Missing character: There is no e in font nullfont!
Missing character: There is no s in font nullfont!
Missing character: There is no s in font nullfont!
Missing character: There is no e in font nullfont!
Missing character: There is no s in font nullfont!
Missing character: There is no ) in font nullfont!
Missing character: There is no e in font nullfont!
Missing character: There is no n in font nullfont!
Missing character: There is no d in font nullfont!
Missing character: There is no o in font nullfont!
Missing character: There is no b in font nullfont!
Missing character: There is no j in font nullfont!
Missing character: There is no 1 in font nullfont!
Missing character: There is no 4 in font nullfont!
Missing character: There is no 0 in font nullfont!
Missing character: There is no o in font nullfont!
Missing character: There is no b in font nullfont!
Missing character: There is no j in font nullfont!
Missing character: There is no < in font nullfont!
Missing character: There is no < in font nullfont!
Missing character: There is no / in font nullfont!
Missing character: There is no S in font nullfont!
Missing character: There is no / in font nullfont!
Missing character: There is no G in font nullfont!
Missing character: There is no o in font nullfont!
Missing character: There is no T in font nullfont!
Missing character: There is no o in font nullfont!
Missing character: There is no / in font nullfont!
Missing character: There is no D in font nullfont!
Missing character: There is no ( in font nullfont!
Missing character: There is no O in font nullfont!
Missing character: There is no u in font nullfont!
Missing character: There is no t in font nullfont!
Missing character: There is no l in font nullfont!
Missing character: There is no i in font nullfont!
Missing character: There is no n in font nullfont!
Missing character: There is no e in font nullfont!
Missing character: There is no 0 in font nullfont!
Missing character: There is no . in font nullfont!
Missing character: There is no 2 in font nullfont!
Missing character: There is no ) in font nullfont!
Missing character: There is no > in font nullfont!
Missing character: There is no > in font nullfont!
Missing character: There is no e in font nullfont!
Missing character: There is no n in font nullfont!
Missing character: There is no d in font nullfont!
Missing character: There is no o in font nullfont!
Missing character: There is no b in font nullfont!
Missing character: There is no j in font nullfont!
Missing character: There is no 1 in font nullfont!
Missing character: There is no 7 in font nullfont!
Missing character: There is no 0 in font nullfont!
Missing character: There is no o in font nullfont!
Missing character: There is no b in font nullfont!
Missing character: There is no j in font nullfont!
Missing character: There is no ( in font nullfont!
Missing character: There is no M in font nullfont!
Missing character: There is no a in font nullfont!
Missing character: There is no r in font nullfont!
Missing character: There is no k in font nullfont!
Missing character: There is no o in font nullfont!
Missing character: There is no v in font nullfont!
Missing character: There is no C in font nullfont!
Missing character: There is no h in font nullfont!
Missing character: There is no a in font nullfont!
Missing character: There is no i in font nullfont!
Missing character: There is no n in font nullfont!
Missing character: There is no s in font nullfont!
Missing character: There is no ) in font nullfont!
Missing character: There is no e in font nullfont!
Missing character: There is no n in font nullfont!
Missing character: There is no d in font nullfont!
Missing character: There is no o in font nullfont!
Missing character: There is no b in font nullfont!
Missing character: There is no j in font nullfont!
Missing character: There is no 1 in font nullfont!
Missing character: There is no 8 in font nullfont!
Missing character: There is no 0 in font nullfont!
Missing character: There is no o in font nullfont!
Missing character: There is no b in font nullfont!
Missing character: There is no j in font nullfont!
Missing character: There is no < in font nullfont!
Missing character: There is no < in font nullfont!
Missing character: There is no / in font nullfont!
Missing character: There is no S in font nullfont!
Missing character: There is no / in font nullfont!
Missing character: There is no G in font nullfont!
Missing character: There is no o in font nullfont!
Missing character: There is no T in font nullfont!
Missing character: There is no o in font nullfont!
Missing character: There is no / in font nullfont!
Missing character: There is no D in font nullfont!
Missing character: There is no ( in font nullfont!
Missing character: There is no O in font nullfont!
Missing character: There is no u in font nullfont!
Missing character: There is no t in font nullfont!
Missing character: There is no l in font nullfont!
Missing character: There is no i in font nullfont!
Missing character: There is no n in font nullfont!
Missing character: There is no e in font nullfont!
Missing character: There is no 0 in font nullfont!
Missing character: There is no . in font nullfont!
Missing character: There is no 3 in font nullfont!
Missing character: There is no ) in font nullfont!
Missing character: There is no > in font nullfont!
Missing character: There is no > in font nullfont!
Missing character: There is no e in font nullfont!
Missing character: There is no n in font nullfont!
Missing character: There is no d in font nullfont!
Missing character: There is no o in font nullfont!
Missing character: There is no b in font nullfont!
Missing character: There is no j in font nullfont!
Missing character: There is no 2 in font nullfont!
Missing character: There is no 1 in font nullfont!
Missing character: There is no 0 in font nullfont!
Missing character: There is no o in font nullfont!
Missing character: There is no b in font nullfont!
Missing character: There is no j in font nullfont!
Missing character: There is no ( in font nullfont!
Missing character: There is no M in font nullfont!
Missing character: There is no a in font nullfont!
Missing character: There is no r in font nullfont!
Missing character: There is no k in font nullfont!
Missing character: There is no o in font nullfont!
Missing character: There is no v in font nullfont!
Missing character: There is no i in font nullfont!
Missing character: There is no a in font nullfont!
Missing character: There is no n in font nullfont!
Missing character: There is no a in font nullfont!
Missing character: There is no n in font nullfont!
Missing character: There is no d in font nullfont!
Missing character: There is no S in font nullfont!
Missing character: There is no t in font nullfont!
Missing character: There is no a in font nullfont!
Missing character: There is no t in font nullfont!
Missing character: There is no i in font nullfont!
Missing character: There is no o in font nullfont!
Missing character: There is no n in font nullfont!
Missing character: There is no a in font nullfont!
Missing character: There is no r in font nullfont!
Missing character: There is no y in font nullfont!
Missing character: There is no P in font nullfont!
Missing character: There is no r in font nullfont!
Missing character: There is no o in font nullfont!
Missing character: There is no c in font nullfont!
Missing character: There is no e in font nullfont!
Missing character: There is no s in font nullfont!
Missing character: There is no s in font nullfont!
Missing character: There is no e in font nullfont!
Missing character: There is no s in font nullfont!
Missing character: There is no ) in font nullfont!
Missing character: There is no e in font nullfont!
Missing character: There is no n in font nullfont!
Missing character: There is no d in font nullfont!
Missing character: There is no o in font nullfont!
Missing character: There is no b in font nullfont!
Missing character: There is no j in font nullfont!
Missing character: There is no 2 in font nullfont!
Missing character: There is no 2 in font nullfont!
Missing character: There is no 0 in font nullfont!
Missing character: There is no o in font nullfont!
Missing character: There is no b in font nullfont!
Missing character: There is no j in font nullfont!
Missing character: There is no < in font nullfont!
Missing character: There is no < in font nullfont!
Missing character: There is no / in font nullfont!
Missing character: There is no S in font nullfont!
Missing character: There is no / in font nullfont!
Missing character: There is no G in font nullfont!
Missing character: There is no o in font nullfont!
Missing character: There is no T in font nullfont!
Missing character: There is no o in font nullfont!
Missing character: There is no / in font nullfont!
Missing character: There is no D in font nullfont!
Missing character: There is no ( in font nullfont!
Missing character: There is no O in font nullfont!
Missing character: There is no u in font nullfont!
Missing character: There is no t in font nullfont!
Missing character: There is no l in font nullfont!
Missing character: There is no i in font nullfont!
Missing character: There is no n in font nullfont!
Missing character: There is no e in font nullfont!
Missing character: There is no 0 in font nullfont!
Missing character: There is no . in font nullfont!
Missing character: There is no 4 in font nullfont!
Missing character: There is no ) in font nullfont!
Missing character: There is no > in font nullfont!
Missing character: There is no > in font nullfont!
Missing character: There is no e in font nullfont!
Missing character: There is no n in font nullfont!
Missing character: There is no d in font nullfont!
Missing character: There is no o in font nullfont!
Missing character: There is no b in font nullfont!
Missing character: There is no j in font nullfont!
Missing character: There is no 2 in font nullfont!
Missing character: There is no 5 in font nullfont!
Missing character: There is no 0 in font nullfont!
Missing character: There is no o in font nullfont!
Missing character: There is no b in font nullfont!
Missing character: There is no j in font nullfont!
Missing character: There is no ( in font nullfont!
Missing character: There is no E in font nullfont!
Missing character: There is no x in font nullfont!
Missing character: There is no a in font nullfont!
Missing character: There is no m in font nullfont!
Missing character: There is no p in font nullfont!
Missing character: There is no l in font nullfont!
Missing character: There is no e in font nullfont!
Missing character: There is no s in font nullfont!
Missing character: There is no ) in font nullfont!
Missing character: There is no e in font nullfont!
Missing character: There is no n in font nullfont!
Missing character: There is no d in font nullfont!
Missing character: There is no o in font nullfont!
Missing character: There is no b in font nullfont!
Missing character: There is no j in font nullfont!
Missing character: There is no 2 in font nullfont!
Missing character: There is no 6 in font nullfont!
Missing character: There is no 0 in font nullfont!
Missing character: There is no o in font nullfont!
Missing character: There is no b in font nullfont!
Missing character: There is no j in font nullfont!
Missing character: There is no < in font nullfont!
Missing character: There is no < in font nullfont!
Missing character: There is no / in font nullfont!
Missing character: There is no S in font nullfont!
Missing character: There is no / in font nullfont!
Missing character: There is no G in font nullfont!
Missing character: There is no o in font nullfont!
Missing character: There is no T in font nullfont!
Missing character: There is no o in font nullfont!
Missing character: There is no / in font nullfont!
Missing character: There is no D in font nullfont!
Missing character: There is no ( in font nullfont!
Missing character: There is no O in font nullfont!
Missing character: There is no u in font nullfont!
Missing character: There is no t in font nullfont!
Missing character: There is no l in font nullfont!
Missing character: There is no i in font nullfont!
Missing character: There is no n in font nullfont!
Missing character: There is no e in font nullfont!
Missing character: There is no 0 in font nullfont!
Missing character: There is no . in font nullfont!
Missing character: There is no 5 in font nullfont!
Missing character: There is no ) in font nullfont!
Missing character: There is no > in font nullfont!
Missing character: There is no > in font nullfont!
Missing character: There is no e in font nullfont!
Missing character: There is no n in font nullfont!
Missing character: There is no d in font nullfont!
Missing character: There is no o in font nullfont!
Missing character: There is no b in font nullfont!
Missing character: There is no j in font nullfont!
Missing character: There is no 2 in font nullfont!
Missing character: There is no 9 in font nullfont!
Missing character: There is no 0 in font nullfont!
Missing character: There is no o in font nullfont!
Missing character: There is no b in font nullfont!
Missing character: There is no j in font nullfont!
Missing character: There is no ( in font nullfont!
Missing character: There is no T in font nullfont!
Missing character: There is no a in font nullfont!
Missing character: There is no k in font nullfont!
Missing character: There is no e in font nullfont!
Missing character: There is no a in font nullfont!
Missing character: There is no w in font nullfont!
Missing character: There is no a in font nullfont!
Missing character: There is no y in font nullfont!
Missing character: There is no s in font nullfont!
Missing character: There is no ) in font nullfont!
Missing character: There is no e in font nullfont!
Missing character: There is no n in font nullfont!
Missing character: There is no d in font nullfont!
Missing character: There is no o in font nullfont!
Missing character: There is no b in font nullfont!
Missing character: There is no j in font nullfont!
Missing character: There is no 3 in font nullfont!
Missing character: There is no 0 in font nullfont!
Missing character: There is no 0 in font nullfont!
Missing character: There is no o in font nullfont!
Missing character: There is no b in font nullfont!
Missing character: There is no j in font nullfont!
Missing character: There is no < in font nullfont!
Missing character: There is no < in font nullfont!
Missing character: There is no / in font nullfont!
Missing character: There is no S in font nullfont!
Missing character: There is no / in font nullfont!
Missing character: There is no G in font nullfont!
Missing character: There is no o in font nullfont!
Missing character: There is no T in font nullfont!
Missing character: There is no o in font nullfont!
Missing character: There is no / in font nullfont!
Missing character: There is no D in font nullfont!
Missing character: There is no ( in font nullfont!
Missing character: There is no O in font nullfont!
Missing character: There is no u in font nullfont!
Missing character: There is no t in font nullfont!
Missing character: There is no l in font nullfont!
Missing character: There is no i in font nullfont!
Missing character: There is no n in font nullfont!
Missing character: There is no e in font nullfont!
Missing character: There is no 1 in font nullfont!
Missing character: There is no ) in font nullfont!
Missing character: There is no > in font nullfont!
Missing character: There is no > in font nullfont!
Missing character: There is no e in font nullfont!
Missing character: There is no n in font nullfont!
Missing character: There is no d in font nullfont!
Missing character: There is no o in font nullfont!
Missing character: There is no b in font nullfont!
Missing character: There is no j in font nullfont!
Missing character: There is no 3 in font nullfont!
Missing character: There is no 3 in font nullfont!
Missing character: There is no 0 in font nullfont!
Missing character: There is no o in font nullfont!
Missing character: There is no b in font nullfont!
Missing character: There is no j in font nullfont!
Missing character: There is no ( in font nullfont!
Missing character: There is no A in font nullfont!
Missing character: There is no p in font nullfont!
Missing character: There is no p in font nullfont!
Missing character: There is no e in font nullfont!
Missing character: There is no n in font nullfont!
Missing character: There is no d in font nullfont!
Missing character: There is no i in font nullfont!
Missing character: There is no x in font nullfont!
Missing character: There is no ) in font nullfont!
Missing character: There is no e in font nullfont!
Missing character: There is no n in font nullfont!
Missing character: There is no d in font nullfont!
Missing character: There is no o in font nullfont!
Missing character: There is no b in font nullfont!
Missing character: There is no j in font nullfont!
Missing character: There is no 3 in font nullfont!
Missing character: There is no 4 in font nullfont!
Missing character: There is no 0 in font nullfont!
Missing character: There is no o in font nullfont!
Missing character: There is no b in font nullfont!
Missing character: There is no j in font nullfont!
Missing character: There is no < in font nullfont!
Missing character: There is no < in font nullfont!
Missing character: There is no / in font nullfont!
Missing character: There is no S in font nullfont!
Missing character: There is no / in font nullfont!
Missing character: There is no G in font nullfont!
Missing character: There is no o in font nullfont!
Missing character: There is no T in font nullfont!
Missing character: There is no o in font nullfont!
Missing character: There is no / in font nullfont!
Missing character: There is no D in font nullfont!
Missing character: There is no [ in font nullfont!
Missing character: There is no 3 in font nullfont!
Missing character: There is no 5 in font nullfont!
Missing character: There is no 0 in font nullfont!
Missing character: There is no R in font nullfont!
Missing character: There is no / in font nullfont!
Missing character: There is no F in font nullfont!
Missing character: There is no i in font nullfont!
Missing character: There is no t in font nullfont!
Missing character: There is no ] in font nullfont!
Missing character: There is no > in font nullfont!
Missing character: There is no > in font nullfont!
Missing character: There is no e in font nullfont!
Missing character: There is no n in font nullfont!
Missing character: There is no d in font nullfont!
Missing character: There is no o in font nullfont!
Missing character: There is no b in font nullfont!
Missing character: There is no j in font nullfont!
Missing character: There is no 3 in font nullfont!
Missing character: There is no 7 in font nullfont!
Missing character: There is no 0 in font nullfont!
Missing character: There is no o in font nullfont!
Missing character: There is no b in font nullfont!
Missing character: There is no j in font nullfont!
Missing character: There is no < in font nullfont!
Missing character: There is no < in font nullfont!
Missing character: There is no / in font nullfont!
Missing character: There is no L in font nullfont!
Missing character: There is no e in font nullfont!
Missing character: There is no n in font nullfont!
Missing character: There is no g in font nullfont!
Missing character: There is no t in font nullfont!
Missing character: There is no h in font nullfont!
Missing character: There is no 3 in font nullfont!
Missing character: There is no 2 in font nullfont!
Missing character: There is no 3 in font nullfont!
Missing character: There is no / in font nullfont!
Missing character: There is no F in font nullfont!
Missing character: There is no i in font nullfont!
Missing character: There is no l in font nullfont!
Missing character: There is no t in font nullfont!
Missing character: There is no e in font nullfont!
Missing character: There is no r in font nullfont!
Missing character: There is no / in font nullfont!
Missing character: There is no F in font nullfont!
Missing character: There is no l in font nullfont!
Missing character: There is no a in font nullfont!
Missing character: There is no t in font nullfont!
Missing character: There is no e in font nullfont!
Missing character: There is no D in font nullfont!
Missing character: There is no e in font nullfont!
Missing character: There is no c in font nullfont!
Missing character: There is no o in font nullfont!
Missing character: There is no d in font nullfont!
Missing character: There is no e in font nullfont!
Missing character: There is no > in font nullfont!
Missing character: There is no > in font nullfont!
Missing character: There is no s in font nullfont!
Missing character: There is no t in font nullfont!
Missing character: There is no r in font nullfont!
Missing character: There is no e in font nullfont!
Missing character: There is no a in font nullfont!
Missing character: There is no m in font nullfont!
Missing character: There is no x in font nullfont!

! LaTeX Error: Unicode character ⁄µ (U+06B5)
               not set up for use with LaTeX.

See the LaTeX manual or LaTeX Companion for explanation.
Type  H <return>  for immediate help.
 ...                                              
                                                  
l.48 x⁄µ
        RMO√0^^LΩ˜W¯ò^^^^^ZÚ›t7^^P^^_^^Rb^^Rår^^B^^N’ñv^^U¨^^UÈ∂ﬂè≥l0∆$8¿%Ø∂...

You may provide a definition with
\DeclareUnicodeCharacter 

Missing character: There is no R in font nullfont!
Missing character: There is no M in font nullfont!
Missing character: There is no O in font nullfont!

! LaTeX Error: Invalid UTF-8 byte sequence (√0).

See the LaTeX manual or LaTeX Companion for explanation.
Type  H <return>  for immediate help.
 ...                                              
                                                  
l.48 x⁄µRMO√0
             ^^LΩ˜W¯ò^^^^^ZÚ›t7^^P^^_^^Rb^^Rår^^B^^N’ñv^^U¨^^UÈ∂ﬂè≥l0∆$8¿%Ø∂...

The document does not appear to be in UTF-8 encoding.
Try adding \UseRawInputEncoding as the first line of the file
or specify an encoding such as \usepackage [latin1]{inputenc}
in the document preamble.
Alternatively, save the file in UTF-8 using your editor or another tool


Overfull \hbox (20.0pt too wide) in paragraph at lines 3--48
[]
 []


! LaTeX Error: Invalid UTF-8 byte "BD.

See the LaTeX manual or LaTeX Companion for explanation.
Type  H <return>  for immediate help.
 ...                                              
                                                  
l.48 x⁄µRMO√0^^LΩ
                 ˜W¯ò^^^^^ZÚ›t7^^P^^_^^Rb^^Rår^^B^^N’ñv^^U¨^^UÈ∂ﬂè≥l0∆$8¿%Ø∂...

The document does not appear to be in UTF-8 encoding.
Try adding \UseRawInputEncoding as the first line of the file
or specify an encoding such as \usepackage [latin1]{inputenc}
in the document preamble.
Alternatively, save the file in UTF-8 using your editor or another tool


! LaTeX Error: Invalid UTF-8 byte "F7.

See the LaTeX manual or LaTeX Companion for explanation.
Type  H <return>  for immediate help.
 ...                                              
                                                  
l.48 x⁄µRMO√0^^LΩ˜
                  W¯ò^^^^^ZÚ›t7^^P^^_^^Rb^^Rår^^B^^N’ñv^^U¨^^UÈ∂ﬂè≥l0∆$8¿%Ø∂...

The document does not appear to be in UTF-8 encoding.
Try adding \UseRawInputEncoding as the first line of the file
or specify an encoding such as \usepackage [latin1]{inputenc}
in the document preamble.
Alternatively, save the file in UTF-8 using your editor or another tool


! LaTeX Error: Missing \begin{document}.

See the LaTeX manual or LaTeX Companion for explanation.
Type  H <return>  for immediate help.
 ...                                              
                                                  
l.48 x⁄µRMO√0^^LΩ˜W
                   ¯ò^^^^^ZÚ›t7^^P^^_^^Rb^^Rår^^B^^N’ñv^^U¨^^UÈ∂ﬂè≥l0∆$8¿%Ø∂...

You're in trouble here.  Try typing  <return>  to proceed.
If that doesn't work, type  X <return>  to quit.

Missing character: There is no W in font nullfont!

! LaTeX Error: Invalid UTF-8 byte "F8.

See the LaTeX manual or LaTeX Companion for explanation.
Type  H <return>  for immediate help.
 ...                                              
                                                  
l.48 x⁄µRMO√0^^LΩ˜W¯
                    ò^^^^^ZÚ›t7^^P^^_^^Rb^^Rår^^B^^N’ñv^^U¨^^UÈ∂ﬂè≥l0∆$8¿%Ø∂...

The document does not appear to be in UTF-8 encoding.
Try adding \UseRawInputEncoding as the first line of the file
or specify an encoding such as \usepackage [latin1]{inputenc}
in the document preamble.
Alternatively, save the file in UTF-8 using your editor or another tool


! LaTeX Error: Invalid UTF-8 byte "98.

See the LaTeX manual or LaTeX Companion for explanation.
Type  H <return>  for immediate help.
 ...                                              
                                                  
l.48 x⁄µRMO√0^^LΩ˜W¯ò
                     ^^^^^ZÚ›t7^^P^^_^^Rb^^Rår^^B^^N’ñv^^U¨^^UÈ∂ﬂè≥l0∆$8¿%Ø∂...

The document does not appear to be in UTF-8 encoding.
Try adding \UseRawInputEncoding as the first line of the file
or specify an encoding such as \usepackage [latin1]{inputenc}
in the document preamble.
Alternatively, save the file in UTF-8 using your editor or another tool


! LaTeX Error: Unicode character ^^^ (U+001E)
               not set up for use with LaTeX.

See the LaTeX manual or LaTeX Companion for explanation.
Type  H <return>  for immediate help.
 ...                                              
                                                  
l.48 x⁄µRMO√0^^LΩ˜W¯ò^^^
                        ^^ZÚ›t7^^P^^_^^Rb^^Rår^^B^^N’ñv^^U¨^^UÈ∂ﬂè≥l0∆$8¿%Ø∂...

You may provide a definition with
\DeclareUnicodeCharacter 


! LaTeX Error: Unicode character ^^Z (U+001A)
               not set up for use with LaTeX.

See the LaTeX manual or LaTeX Companion for explanation.
Type  H <return>  for immediate help.
 ...                                              
                                                  
l.48 x⁄µRMO√0^^LΩ˜W¯ò^^^^^Z
                           Ú›t7^^P^^_^^Rb^^Rår^^B^^N’ñv^^U¨^^UÈ∂ﬂè≥l0∆$8¿%Ø∂...

You may provide a definition with
\DeclareUnicodeCharacter 


! LaTeX Error: Invalid UTF-8 byte sequence (Ú›t7).

See the LaTeX manual or LaTeX Companion for explanation.
Type  H <return>  for immediate help.
 ...                                              
                                                  
l.48 x⁄µRMO√0^^LΩ˜W¯ò^^^^^ZÚ›t7
                               ^^P^^_^^Rb^^Rår^^B^^N’ñv^^U¨^^UÈ∂ﬂè≥l0∆$8¿%Ø∂...

The document does not appear to be in UTF-8 encoding.
Try adding \UseRawInputEncoding as the first line of the file
or specify an encoding such as \usepackage [latin1]{inputenc}
in the document preamble.
Alternatively, save the file in UTF-8 using your editor or another tool


! LaTeX Error: Unicode character ^^P (U+0010)
               not set up for use with LaTeX.

See the LaTeX manual or LaTeX Companion for explanation.
Type  H <return>  for immediate help.
 ...                                              
                                                  
l.48 x⁄µRMO√0^^LΩ˜W¯ò^^^^^ZÚ›t7^^P
                                  ^^_^^Rb^^Rår^^B^^N’ñv^^U¨^^UÈ∂ﬂè≥l0∆$8¿%Ø∂...

You may provide a definition with
\DeclareUnicodeCharacter 


! LaTeX Error: Unicode character ^^_ (U+001F)
               not set up for use with LaTeX.

See the LaTeX manual or LaTeX Companion for explanation.
Type  H <return>  for immediate help.
 ...                                              
                                                  
l.48 x⁄µRMO√0^^LΩ˜W¯ò^^^^^ZÚ›t7^^P^^_
                                     ^^Rb^^Rår^^B^^N’ñv^^U¨^^UÈ∂ﬂè≥l0∆$8¿%Ø∂...

You may provide a definition with
\DeclareUnicodeCharacter 


! LaTeX Error: Unicode character ^^R (U+0012)
               not set up for use with LaTeX.

See the LaTeX manual or LaTeX Companion for explanation.
Type  H <return>  for immediate help.
 ...                                              
                                                  
l.48 x⁄µRMO√0^^LΩ˜W¯ò^^^^^ZÚ›t7^^P^^_^^R
                                        b^^Rår^^B^^N’ñv^^U¨^^UÈ∂ﬂè≥l0∆$8¿%Ø∂...

You may provide a definition with
\DeclareUnicodeCharacter 

Missing character: There is no b in font nullfont!

! LaTeX Error: Unicode character ^^R (U+0012)
               not set up for use with LaTeX.

See the LaTeX manual or LaTeX Companion for explanation.
Type  H <return>  for immediate help.
 ...                                              
                                                  
l.48 x⁄µRMO√0^^LΩ˜W¯ò^^^^^ZÚ›t7^^P^^_^^Rb^^R
                                            år^^B^^N’ñv^^U¨^^UÈ∂ﬂè≥l0∆$8¿%Ø∂...

You may provide a definition with
\DeclareUnicodeCharacter 


! LaTeX Error: Invalid UTF-8 byte "8C.

See the LaTeX manual or LaTeX Companion for explanation.
Type  H <return>  for immediate help.
 ...                                              
                                                  
l.48 x⁄µRMO√0^^LΩ˜W¯ò^^^^^ZÚ›t7^^P^^_^^Rb^^Rå
                                             r^^B^^N’ñv^^U¨^^UÈ∂ﬂè≥l0∆$8¿%Ø∂...

The document does not appear to be in UTF-8 encoding.
Try adding \UseRawInputEncoding as the first line of the file
or specify an encoding such as \usepackage [latin1]{inputenc}
in the document preamble.
Alternatively, save the file in UTF-8 using your editor or another tool

Missing character: There is no r in font nullfont!

! LaTeX Error: Unicode character ^^B (U+0002)
               not set up for use with LaTeX.

See the LaTeX manual or LaTeX Companion for explanation.
Type  H <return>  for immediate help.
 ...                                              
                                                  
l.48 x⁄µRMO√0^^LΩ˜W¯ò^^^^^ZÚ›t7^^P^^_^^Rb^^Rår^^B
                                                 ^^N’ñv^^U¨^^UÈ∂ﬂè≥l0∆$8¿%Ø∂...

You may provide a definition with
\DeclareUnicodeCharacter 


! LaTeX Error: Unicode character ^^N (U+000E)
               not set up for use with LaTeX.

See the LaTeX manual or LaTeX Companion for explanation.
Type  H <return>  for immediate help.
 ...                                              
                                                  
l.48 ...O√0^^LΩ˜W¯ò^^^^^ZÚ›t7^^P^^_^^Rb^^Rår^^B^^N
                                                  ’ñv^^U¨^^UÈ∂ﬂè≥l0∆$8¿%Ø∂üÌ...

You may provide a definition with
\DeclareUnicodeCharacter 


! LaTeX Error: Unicode character ’ñ (U+0556)
               not set up for use with LaTeX.

See the LaTeX manual or LaTeX Companion for explanation.
Type  H <return>  for immediate help.
 ...                                              
                                                  
l.48 ...0^^LΩ˜W¯ò^^^^^ZÚ›t7^^P^^_^^Rb^^Rår^^B^^N’ñ
                                                  v^^U¨^^UÈ∂ﬂè≥l0∆$8¿%Ø∂üÌ˜¨...

You may provide a definition with
\DeclareUnicodeCharacter 

Missing character: There is no v in font nullfont!

! LaTeX Error: Unicode character ^^U (U+0015)
               not set up for use with LaTeX.

See the LaTeX manual or LaTeX Companion for explanation.
Type  H <return>  for immediate help.
 ...                                              
                                                  
l.48 ...Ω˜W¯ò^^^^^ZÚ›t7^^P^^_^^Rb^^Rår^^B^^N’ñv^^U
                                                  ¨^^UÈ∂ﬂè≥l0∆$8¿%Ø∂üÌ˜¨2hÄ¡...

You may provide a definition with
\DeclareUnicodeCharacter 


! LaTeX Error: Invalid UTF-8 byte "AC.

See the LaTeX manual or LaTeX Companion for explanation.
Type  H <return>  for immediate help.
 ...                                              
                                                  
l.48 ...˜W¯ò^^^^^ZÚ›t7^^P^^_^^Rb^^Rår^^B^^N’ñv^^U¨
                                                  ^^UÈ∂ﬂè≥l0∆$8¿%Ø∂üÌ˜¨2hÄ¡U...

The document does not appear to be in UTF-8 encoding.
Try adding \UseRawInputEncoding as the first line of the file
or specify an encoding such as \usepackage [latin1]{inputenc}
in the document preamble.
Alternatively, save the file in UTF-8 using your editor or another tool


! LaTeX Error: Unicode character ^^U (U+0015)
               not set up for use with LaTeX.

See the LaTeX manual or LaTeX Companion for explanation.
Type  H <return>  for immediate help.
 ...                                              
                                                  
l.48 ...ò^^^^^ZÚ›t7^^P^^_^^Rb^^Rår^^B^^N’ñv^^U¨^^U
                                                  È∂ﬂè≥l0∆$8¿%Ø∂üÌ˜¨2hÄ¡U¬^^...

You may provide a definition with
\DeclareUnicodeCharacter 


! LaTeX Error: Invalid UTF-8 byte sequence (È∂ﬂ).

See the LaTeX manual or LaTeX Companion for explanation.
Type  H <return>  for immediate help.
 ...                                              
                                                  
l.48 ...^^^ZÚ›t7^^P^^_^^Rb^^Rår^^B^^N’ñv^^U¨^^UÈ∂ﬂ
                                                  è≥l0∆$8¿%Ø∂üÌ˜¨2hÄ¡U¬^^Nê#...

The document does not appear to be in UTF-8 encoding.
Try adding \UseRawInputEncoding as the first line of the file
or specify an encoding such as \usepackage [latin1]{inputenc}
in the document preamble.
Alternatively, save the file in UTF-8 using your editor or another tool


! LaTeX Error: Invalid UTF-8 byte "8F.

See the LaTeX manual or LaTeX Companion for explanation.
Type  H <return>  for immediate help.
 ...                                              
                                                  
l.48 ...^^ZÚ›t7^^P^^_^^Rb^^Rår^^B^^N’ñv^^U¨^^UÈ∂ﬂè
                                                  ≥l0∆$8¿%Ø∂üÌ˜¨2hÄ¡U¬^^Nê#r...

The document does not appear to be in UTF-8 encoding.
Try adding \UseRawInputEncoding as the first line of the file
or specify an encoding such as \usepackage [latin1]{inputenc}
in the document preamble.
Alternatively, save the file in UTF-8 using your editor or another tool


! LaTeX Error: Invalid UTF-8 byte "B3.

See the LaTeX manual or LaTeX Companion for explanation.
Type  H <return>  for immediate help.
 ...                                              
                                                  
l.48 ...^ZÚ›t7^^P^^_^^Rb^^Rår^^B^^N’ñv^^U¨^^UÈ∂ﬂè≥
                                                  l0∆$8¿%Ø∂üÌ˜¨2hÄ¡U¬^^Nê#rƒ...

The document does not appear to be in UTF-8 encoding.
Try adding \UseRawInputEncoding as the first line of the file
or specify an encoding such as \usepackage [latin1]{inputenc}
in the document preamble.
Alternatively, save the file in UTF-8 using your editor or another tool

Missing character: There is no l in font nullfont!
Missing character: There is no 0 in font nullfont!

! LaTeX Error: Invalid UTF-8 byte sequence (∆$).

See the LaTeX manual or LaTeX Companion for explanation.
Type  H <return>  for immediate help.
 ...                                              
                                                  
l.48 ...t7^^P^^_^^Rb^^Rår^^B^^N’ñv^^U¨^^UÈ∂ﬂè≥l0∆$
                                                  8¿%Ø∂üÌ˜¨2hÄ¡U¬^^Nê#rƒ7Ã0ê...

The document does not appear to be in UTF-8 encoding.
Try adding \UseRawInputEncoding as the first line of the file
or specify an encoding such as \usepackage [latin1]{inputenc}
in the document preamble.
Alternatively, save the file in UTF-8 using your editor or another tool

Missing character: There is no 8 in font nullfont!

! LaTeX Error: Invalid UTF-8 byte "C0.

See the LaTeX manual or LaTeX Companion for explanation.
Type  H <return>  for immediate help.
 ...                                              
                                                  
l.48 ...^^P^^_^^Rb^^Rår^^B^^N’ñv^^U¨^^UÈ∂ﬂè≥l0∆$8¿
                                                  %Ø∂üÌ˜¨2hÄ¡U¬^^Nê#rƒ7Ã0êFP...

The document does not appear to be in UTF-8 encoding.
Try adding \UseRawInputEncoding as the first line of the file
or specify an encoding such as \usepackage [latin1]{inputenc}
in the document preamble.
Alternatively, save the file in UTF-8 using your editor or another tool


! LaTeX Error: Invalid UTF-8 byte "9F.

See the LaTeX manual or LaTeX Companion for explanation.
Type  H <return>  for immediate help.
 ...                                              
                                                  
l.49 ü
      èo‡ 3	^^\Àr^^[bfå±à\^^ULFÚÒ^^Rvùï……•b¿s*∏VP÷ 8Eß‹^^Z™§Ör^^Fèdrì>ó◊øíÅl...

The document does not appear to be in UTF-8 encoding.
Try adding \UseRawInputEncoding as the first line of the file
or specify an encoding such as \usepackage [latin1]{inputenc}
in the document preamble.
Alternatively, save the file in UTF-8 using your editor or another tool


! LaTeX Error: Invalid UTF-8 byte "8F.

See the LaTeX manual or LaTeX Companion for explanation.
Type  H <return>  for immediate help.
 ...                                              
                                                  
l.49 üè
       o‡ 3	^^\Àr^^[bfå±à\^^ULFÚÒ^^Rvùï……•b¿s*∏VP÷ 8Eß‹^^Z™§Ör^^Fèdrì>ó◊øíÅl...

The document does not appear to be in UTF-8 encoding.
Try adding \UseRawInputEncoding as the first line of the file
or specify an encoding such as \usepackage [latin1]{inputenc}
in the document preamble.
Alternatively, save the file in UTF-8 using your editor or another tool

Missing character: There is no o in font nullfont!

! LaTeX Error: Invalid UTF-8 byte sequence (‡3^^\).

See the LaTeX manual or LaTeX Companion for explanation.
Type  H <return>  for immediate help.
 ...                                              
                                                  
l.49 üèo‡ 3	^^\
               Àr^^[bfå±à\^^ULFÚÒ^^Rvùï……•b¿s*∏VP÷ 8Eß‹^^Z™§Ör^^Fèdrì>ó◊øíÅl...

The document does not appear to be in UTF-8 encoding.
Try adding \UseRawInputEncoding as the first line of the file
or specify an encoding such as \usepackage [latin1]{inputenc}
in the document preamble.
Alternatively, save the file in UTF-8 using your editor or another tool


! LaTeX Error: Invalid UTF-8 byte sequence (Àr).

See the LaTeX manual or LaTeX Companion for explanation.
Type  H <return>  for immediate help.
 ...                                              
                                                  
l.49 üèo‡ 3	^^\Àr
                 ^^[bfå±à\^^ULFÚÒ^^Rvùï……•b¿s*∏VP÷ 8Eß‹^^Z™§Ör^^Fèdrì>ó◊øíÅl...

The document does not appear to be in UTF-8 encoding.
Try adding \UseRawInputEncoding as the first line of the file
or specify an encoding such as \usepackage [latin1]{inputenc}
in the document preamble.
Alternatively, save the file in UTF-8 using your editor or another tool


! LaTeX Error: Unicode character ^^[ (U+001B)
               not set up for use with LaTeX.

See the LaTeX manual or LaTeX Companion for explanation.
Type  H <return>  for immediate help.
 ...                                              
                                                  
l.49 üèo‡ 3	^^\Àr^^[
                    bfå±à\^^ULFÚÒ^^Rvùï……•b¿s*∏VP÷ 8Eß‹^^Z™§Ör^^Fèdrì>ó◊øíÅl...

You may provide a definition with
\DeclareUnicodeCharacter 

Missing character: There is no b in font nullfont!
Missing character: There is no f in font nullfont!

! LaTeX Error: Invalid UTF-8 byte "8C.

See the LaTeX manual or LaTeX Companion for explanation.
Type  H <return>  for immediate help.
 ...                                              
                                                  
l.49 üèo‡ 3	^^\Àr^^[bfå
                       ±à\^^ULFÚÒ^^Rvùï……•b¿s*∏VP÷ 8Eß‹^^Z™§Ör^^Fèdrì>ó◊øíÅl...

The document does not appear to be in UTF-8 encoding.
Try adding \UseRawInputEncoding as the first line of the file
or specify an encoding such as \usepackage [latin1]{inputenc}
in the document preamble.
Alternatively, save the file in UTF-8 using your editor or another tool


! LaTeX Error: Invalid UTF-8 byte "B1.

See the LaTeX manual or LaTeX Companion for explanation.
Type  H <return>  for immediate help.
 ...                                              
                                                  
l.49 üèo‡ 3	^^\Àr^^[bfå±
                        à\^^ULFÚÒ^^Rvùï……•b¿s*∏VP÷ 8Eß‹^^Z™§Ör^^Fèdrì>ó◊øíÅl...

The document does not appear to be in UTF-8 encoding.
Try adding \UseRawInputEncoding as the first line of the file
or specify an encoding such as \usepackage [latin1]{inputenc}
in the document preamble.
Alternatively, save the file in UTF-8 using your editor or another tool


! LaTeX Error: Invalid UTF-8 byte "88.

See the LaTeX manual or LaTeX Companion for explanation.
Type  H <return>  for immediate help.
 ...                                              
                                                  
l.49 üèo‡ 3	^^\Àr^^[bfå±à
                         \^^ULFÚÒ^^Rvùï……•b¿s*∏VP÷ 8Eß‹^^Z™§Ör^^Fèdrì>ó◊øíÅl...

The document does not appear to be in UTF-8 encoding.
Try adding \UseRawInputEncoding as the first line of the file
or specify an encoding such as \usepackage [latin1]{inputenc}
in the document preamble.
Alternatively, save the file in UTF-8 using your editor or another tool

! Undefined control sequence.
l.49 üèo‡ 3	^^\Àr^^[bfå±à\^^U
                             LFÚÒ^^Rvùï……•b¿s*∏VP÷ 8Eß‹^^Z™§Ör^^Fèdrì>ó◊øíÅl...
The control sequence at the end of the top line
of your error message was never \def'ed. If you have
misspelled it (e.g., `\hobx'), type `I' and the correct
spelling (e.g., `I\hbox'). Otherwise just continue,
and I'll forget about whatever was undefined.

Missing character: There is no L in font nullfont!
Missing character: There is no F in font nullfont!

! LaTeX Error: Invalid UTF-8 byte sequence (ÚÒ^^Rv).

See the LaTeX manual or LaTeX Companion for explanation.
Type  H <return>  for immediate help.
 ...                                              
                                                  
l.49 üèo‡ 3	^^\Àr^^[bfå±à\^^ULFÚÒ^^Rv
                                     ùï……•b¿s*∏VP÷ 8Eß‹^^Z™§Ör^^Fèdrì>ó◊øíÅl...

The document does not appear to be in UTF-8 encoding.
Try adding \UseRawInputEncoding as the first line of the file
or specify an encoding such as \usepackage [latin1]{inputenc}
in the document preamble.
Alternatively, save the file in UTF-8 using your editor or another tool


! LaTeX Error: Invalid UTF-8 byte "9D.

See the LaTeX manual or LaTeX Companion for explanation.
Type  H <return>  for immediate help.
 ...                                              
                                                  
l.49 üèo‡ 3	^^\Àr^^[bfå±à\^^ULFÚÒ^^Rvù
                                      ï……•b¿s*∏VP÷ 8Eß‹^^Z™§Ör^^Fèdrì>ó◊øíÅl...

The document does not appear to be in UTF-8 encoding.
Try adding \UseRawInputEncoding as the first line of the file
or specify an encoding such as \usepackage [latin1]{inputenc}
in the document preamble.
Alternatively, save the file in UTF-8 using your editor or another tool


! LaTeX Error: Invalid UTF-8 byte "95.

See the LaTeX manual or LaTeX Companion for explanation.
Type  H <return>  for immediate help.
 ...                                              
                                                  
l.49 üèo‡ 3	^^\Àr^^[bfå±à\^^ULFÚÒ^^Rvùï
                                       ……•b¿s*∏VP÷ 8Eß‹^^Z™§Ör^^Fèdrì>ó◊øíÅl...

The document does not appear to be in UTF-8 encoding.
Try adding \UseRawInputEncoding as the first line of the file
or specify an encoding such as \usepackage [latin1]{inputenc}
in the document preamble.
Alternatively, save the file in UTF-8 using your editor or another tool


! LaTeX Error: Invalid UTF-8 byte sequence (……).

See the LaTeX manual or LaTeX Companion for explanation.
Type  H <return>  for immediate help.
 ...                                              
                                                  
l.49 üèo‡ 3	^^\Àr^^[bfå±à\^^ULFÚÒ^^Rvùï……
                                         •b¿s*∏VP÷ 8Eß‹^^Z™§Ör^^Fèdrì>ó◊øíÅl...

The document does not appear to be in UTF-8 encoding.
Try adding \UseRawInputEncoding as the first line of the file
or specify an encoding such as \usepackage [latin1]{inputenc}
in the document preamble.
Alternatively, save the file in UTF-8 using your editor or another tool


! LaTeX Error: Invalid UTF-8 byte "A5.

See the LaTeX manual or LaTeX Companion for explanation.
Type  H <return>  for immediate help.
 ...                                              
                                                  
l.49 üèo‡ 3	^^\Àr^^[bfå±à\^^ULFÚÒ^^Rvùï……•
                                          b¿s*∏VP÷ 8Eß‹^^Z™§Ör^^Fèdrì>ó◊øíÅl...

The document does not appear to be in UTF-8 encoding.
Try adding \UseRawInputEncoding as the first line of the file
or specify an encoding such as \usepackage [latin1]{inputenc}
in the document preamble.
Alternatively, save the file in UTF-8 using your editor or another tool

Missing character: There is no b in font nullfont!

! LaTeX Error: Invalid UTF-8 byte "C0.

See the LaTeX manual or LaTeX Companion for explanation.
Type  H <return>  for immediate help.
 ...                                              
                                                  
l.49 üèo‡ 3	^^\Àr^^[bfå±à\^^ULFÚÒ^^Rvùï……•b¿
                                            s*∏VP÷ 8Eß‹^^Z™§Ör^^Fèdrì>ó◊øíÅl...

The document does not appear to be in UTF-8 encoding.
Try adding \UseRawInputEncoding as the first line of the file
or specify an encoding such as \usepackage [latin1]{inputenc}
in the document preamble.
Alternatively, save the file in UTF-8 using your editor or another tool

Missing character: There is no s in font nullfont!
Missing character: There is no * in font nullfont!

! LaTeX Error: Invalid UTF-8 byte "B8.

See the LaTeX manual or LaTeX Companion for explanation.
Type  H <return>  for immediate help.
 ...                                              
                                                  
l.49 üèo‡ 3	^^\Àr^^[bfå±à\^^ULFÚÒ^^Rvùï……•b¿s*∏
                                               VP÷ 8Eß‹^^Z™§Ör^^Fèdrì>ó◊øíÅl...

The document does not appear to be in UTF-8 encoding.
Try adding \UseRawInputEncoding as the first line of the file
or specify an encoding such as \usepackage [latin1]{inputenc}
in the document preamble.
Alternatively, save the file in UTF-8 using your editor or another tool

Missing character: There is no V in font nullfont!
Missing character: There is no P in font nullfont!

! LaTeX Error: Invalid UTF-8 byte sequence (÷8).

See the LaTeX manual or LaTeX Companion for explanation.
Type  H <return>  for immediate help.
 ...                                              
                                                  
l.49 ...3	^^\Àr^^[bfå±à\^^ULFÚÒ^^Rvùï……•b¿s*∏VP÷ 8
                                                  Eß‹^^Z™§Ör^^Fèdrì>ó◊øíÅlW•...

The document does not appear to be in UTF-8 encoding.
Try adding \UseRawInputEncoding as the first line of the file
or specify an encoding such as \usepackage [latin1]{inputenc}
in the document preamble.
Alternatively, save the file in UTF-8 using your editor or another tool

Missing character: There is no E in font nullfont!

! LaTeX Error: Invalid UTF-8 byte "A7.

See the LaTeX manual or LaTeX Companion for explanation.
Type  H <return>  for immediate help.
 ...                                              
                                                  
l.49 ...^^\Àr^^[bfå±à\^^ULFÚÒ^^Rvùï……•b¿s*∏VP÷ 8Eß
                                                  ‹^^Z™§Ör^^Fèdrì>ó◊øíÅlW•¬^...

The document does not appear to be in UTF-8 encoding.
Try adding \UseRawInputEncoding as the first line of the file
or specify an encoding such as \usepackage [latin1]{inputenc}
in the document preamble.
Alternatively, save the file in UTF-8 using your editor or another tool


! LaTeX Error: Invalid UTF-8 byte sequence (‹^^Z).

See the LaTeX manual or LaTeX Companion for explanation.
Type  H <return>  for immediate help.
 ...                                              
                                                  
l.49 ...r^^[bfå±à\^^ULFÚÒ^^Rvùï……•b¿s*∏VP÷ 8Eß‹^^Z
                                                  ™§Ör^^Fèdrì>ó◊øíÅlW•¬^^Pﬂµ]3
The document does not appear to be in UTF-8 encoding.
Try adding \UseRawInputEncoding as the first line of the file
or specify an encoding such as \usepackage [latin1]{inputenc}
in the document preamble.
Alternatively, save the file in UTF-8 using your editor or another tool


! LaTeX Error: Invalid UTF-8 byte "AA.

See the LaTeX manual or LaTeX Companion for explanation.
Type  H <return>  for immediate help.
 ...                                              
                                                  
l.49 ...^^[bfå±à\^^ULFÚÒ^^Rvùï……•b¿s*∏VP÷ 8Eß‹^^Z™
                                                  §Ör^^Fèdrì>ó◊øíÅlW•¬^^Pﬂµ]3
The document does not appear to be in UTF-8 encoding.
Try adding \UseRawInputEncoding as the first line of the file
or specify an encoding such as \usepackage [latin1]{inputenc}
in the document preamble.
Alternatively, save the file in UTF-8 using your editor or another tool


! LaTeX Error: Invalid UTF-8 byte "A4.

See the LaTeX manual or LaTeX Companion for explanation.
Type  H <return>  for immediate help.
 ...                                              
                                                  
l.49 ...^[bfå±à\^^ULFÚÒ^^Rvùï……•b¿s*∏VP÷ 8Eß‹^^Z™§
                                                  Ör^^Fèdrì>ó◊øíÅlW•¬^^Pﬂµ]3
The document does not appear to be in UTF-8 encoding.
Try adding \UseRawInputEncoding as the first line of the file
or specify an encoding such as \usepackage [latin1]{inputenc}
in the document preamble.
Alternatively, save the file in UTF-8 using your editor or another tool


! LaTeX Error: Invalid UTF-8 byte "85.

See the LaTeX manual or LaTeX Companion for explanation.
Type  H <return>  for immediate help.
 ...                                              
                                                  
l.49 ...[bfå±à\^^ULFÚÒ^^Rvùï……•b¿s*∏VP÷ 8Eß‹^^Z™§Ö
                                                  r^^Fèdrì>ó◊øíÅlW•¬^^Pﬂµ]3
The document does not appear to be in UTF-8 encoding.
Try adding \UseRawInputEncoding as the first line of the file
or specify an encoding such as \usepackage [latin1]{inputenc}
in the document preamble.
Alternatively, save the file in UTF-8 using your editor or another tool

Missing character: There is no r in font nullfont!

! LaTeX Error: Unicode character ^^F (U+0006)
               not set up for use with LaTeX.

See the LaTeX manual or LaTeX Companion for explanation.
Type  H <return>  for immediate help.
 ...                                              
                                                  
l.49 ...±à\^^ULFÚÒ^^Rvùï……•b¿s*∏VP÷ 8Eß‹^^Z™§Ör^^F
                                                  èdrì>ó◊øíÅlW•¬^^Pﬂµ]3
You may provide a definition with
\DeclareUnicodeCharacter 


! LaTeX Error: Invalid UTF-8 byte "8F.

See the LaTeX manual or LaTeX Companion for explanation.
Type  H <return>  for immediate help.
 ...                                              
                                                  
l.49 ...à\^^ULFÚÒ^^Rvùï……•b¿s*∏VP÷ 8Eß‹^^Z™§Ör^^Fè
                                                  drì>ó◊øíÅlW•¬^^Pﬂµ]3
The document does not appear to be in UTF-8 encoding.
Try adding \UseRawInputEncoding as the first line of the file
or specify an encoding such as \usepackage [latin1]{inputenc}
in the document preamble.
Alternatively, save the file in UTF-8 using your editor or another tool

Missing character: There is no d in font nullfont!
Missing character: There is no r in font nullfont!

! LaTeX Error: Invalid UTF-8 byte "93.

See the LaTeX manual or LaTeX Companion for explanation.
Type  H <return>  for immediate help.
 ...                                              
                                                  
l.49 ...^ULFÚÒ^^Rvùï……•b¿s*∏VP÷ 8Eß‹^^Z™§Ör^^Fèdrì
                                                  >ó◊øíÅlW•¬^^Pﬂµ]3
The document does not appear to be in UTF-8 encoding.
Try adding \UseRawInputEncoding as the first line of the file
or specify an encoding such as \usepackage [latin1]{inputenc}
in the document preamble.
Alternatively, save the file in UTF-8 using your editor or another tool

Missing character: There is no > in font nullfont!

! LaTeX Error: Invalid UTF-8 byte "97.

See the LaTeX manual or LaTeX Companion for explanation.
Type  H <return>  for immediate help.
 ...                                              
                                                  
l.49 ...LFÚÒ^^Rvùï……•b¿s*∏VP÷ 8Eß‹^^Z™§Ör^^Fèdrì>ó
                                                  ◊øíÅlW•¬^^Pﬂµ]3
The document does not appear to be in UTF-8 encoding.
Try adding \UseRawInputEncoding as the first line of the file
or specify an encoding such as \usepackage [latin1]{inputenc}
in the document preamble.
Alternatively, save the file in UTF-8 using your editor or another tool


! LaTeX Error: Unicode character ◊ø (U+05FF)
               not set up for use with LaTeX.

See the LaTeX manual or LaTeX Companion for explanation.
Type  H <return>  for immediate help.
 ...                                              
                                                  
l.49 ...ÚÒ^^Rvùï……•b¿s*∏VP÷ 8Eß‹^^Z™§Ör^^Fèdrì>ó◊ø
                                                  íÅlW•¬^^Pﬂµ]3
You may provide a definition with
\DeclareUnicodeCharacter 


! LaTeX Error: Invalid UTF-8 byte "92.

See the LaTeX manual or LaTeX Companion for explanation.
Type  H <return>  for immediate help.
 ...                                              
                                                  
l.49 ...Ò^^Rvùï……•b¿s*∏VP÷ 8Eß‹^^Z™§Ör^^Fèdrì>ó◊øí
                                                  ÅlW•¬^^Pﬂµ]3
The document does not appear to be in UTF-8 encoding.
Try adding \UseRawInputEncoding as the first line of the file
or specify an encoding such as \usepackage [latin1]{inputenc}
in the document preamble.
Alternatively, save the file in UTF-8 using your editor or another tool


! LaTeX Error: Invalid UTF-8 byte "81.

See the LaTeX manual or LaTeX Companion for explanation.
Type  H <return>  for immediate help.
 ...                                              
                                                  
l.49 ...^^Rvùï……•b¿s*∏VP÷ 8Eß‹^^Z™§Ör^^Fèdrì>ó◊øíÅ
                                                  lW•¬^^Pﬂµ]3
The document does not appear to be in UTF-8 encoding.
Try adding \UseRawInputEncoding as the first line of the file
or specify an encoding such as \usepackage [latin1]{inputenc}
in the document preamble.
Alternatively, save the file in UTF-8 using your editor or another tool

Missing character: There is no l in font nullfont!
Missing character: There is no W in font nullfont!

! LaTeX Error: Invalid UTF-8 byte "A5.

See the LaTeX manual or LaTeX Companion for explanation.
Type  H <return>  for immediate help.
 ...                                              
                                                  
l.49 ...vùï……•b¿s*∏VP÷ 8Eß‹^^Z™§Ör^^Fèdrì>ó◊øíÅlW•
                                                  ¬^^Pﬂµ]3
The document does not appear to be in UTF-8 encoding.
Try adding \UseRawInputEncoding as the first line of the file
or specify an encoding such as \usepackage [latin1]{inputenc}
in the document preamble.
Alternatively, save the file in UTF-8 using your editor or another tool


! LaTeX Error: Invalid UTF-8 byte sequence (¬^^P).

See the LaTeX manual or LaTeX Companion for explanation.
Type  H <return>  for immediate help.
 ...                                              
                                                  
l.49 ...…•b¿s*∏VP÷ 8Eß‹^^Z™§Ör^^Fèdrì>ó◊øíÅlW•¬^^P
                                                  ﬂµ]3
The document does not appear to be in UTF-8 encoding.
Try adding \UseRawInputEncoding as the first line of the file
or specify an encoding such as \usepackage [latin1]{inputenc}
in the document preamble.
Alternatively, save the file in UTF-8 using your editor or another tool


! LaTeX Error: Unicode character ﬂµ (U+07F5)
               not set up for use with LaTeX.

See the LaTeX manual or LaTeX Companion for explanation.
Type  H <return>  for immediate help.
 ...                                              
                                                  
l.49 ...b¿s*∏VP÷ 8Eß‹^^Z™§Ör^^Fèdrì>ó◊øíÅlW•¬^^Pﬂµ
                                                  ]3
You may provide a definition with
\DeclareUnicodeCharacter 

Missing character: There is no ] in font nullfont!
Missing character: There is no 3 in font nullfont!
! Too many }'s.
l.50 }
      h!^^SíÊú«i˜Û~CX¶ô‰í4´vÊÜ≠»≤è9Ô⁄Æé¨©[∏nK}›^^[^^]^^Um^^OÑ^^^8^^T¥0®^^\-...
You've closed more groups than you opened.
Such booboos are generally harmless, so keep going.

Missing character: There is no h in font nullfont!
Missing character: There is no ! in font nullfont!

! LaTeX Error: Unicode character ^^S (U+0013)
               not set up for use with LaTeX.

See the LaTeX manual or LaTeX Companion for explanation.
Type  H <return>  for immediate help.
 ...                                              
                                                  
l.50 }h!^^S
           íÊú«i˜Û~CX¶ô‰í4´vÊÜ≠»≤è9Ô⁄Æé¨©[∏nK}›^^[^^]^^Um^^OÑ^^^8^^T¥0®^^\-...

You may provide a definition with
\DeclareUnicodeCharacter 


! LaTeX Error: Invalid UTF-8 byte "92.

See the LaTeX manual or LaTeX Companion for explanation.
Type  H <return>  for immediate help.
 ...                                              
                                                  
l.50 }h!^^Sí
            Êú«i˜Û~CX¶ô‰í4´vÊÜ≠»≤è9Ô⁄Æé¨©[∏nK}›^^[^^]^^Um^^OÑ^^^8^^T¥0®^^\-...

The document does not appear to be in UTF-8 encoding.
Try adding \UseRawInputEncoding as the first line of the file
or specify an encoding such as \usepackage [latin1]{inputenc}
in the document preamble.
Alternatively, save the file in UTF-8 using your editor or another tool


! LaTeX Error: Invalid UTF-8 byte sequence (Êú«).

See the LaTeX manual or LaTeX Companion for explanation.
Type  H <return>  for immediate help.
 ...                                              
                                                  
l.50 }h!^^SíÊú«
               i˜Û~CX¶ô‰í4´vÊÜ≠»≤è9Ô⁄Æé¨©[∏nK}›^^[^^]^^Um^^OÑ^^^8^^T¥0®^^\-...

The document does not appear to be in UTF-8 encoding.
Try adding \UseRawInputEncoding as the first line of the file
or specify an encoding such as \usepackage [latin1]{inputenc}
in the document preamble.
Alternatively, save the file in UTF-8 using your editor or another tool

Missing character: There is no i in font nullfont!

! LaTeX Error: Invalid UTF-8 byte "F7.

See the LaTeX manual or LaTeX Companion for explanation.
Type  H <return>  for immediate help.
 ...                                              
                                                  
l.50 }h!^^SíÊú«i˜
                 Û~CX¶ô‰í4´vÊÜ≠»≤è9Ô⁄Æé¨©[∏nK}›^^[^^]^^Um^^OÑ^^^8^^T¥0®^^\-...

The document does not appear to be in UTF-8 encoding.
Try adding \UseRawInputEncoding as the first line of the file
or specify an encoding such as \usepackage [latin1]{inputenc}
in the document preamble.
Alternatively, save the file in UTF-8 using your editor or another tool


! LaTeX Error: Invalid UTF-8 byte sequence (Û~CX).

See the LaTeX manual or LaTeX Companion for explanation.
Type  H <return>  for immediate help.
 ...                                              
                                                  
l.50 }h!^^SíÊú«i˜Û~CX
                     ¶ô‰í4´vÊÜ≠»≤è9Ô⁄Æé¨©[∏nK}›^^[^^]^^Um^^OÑ^^^8^^T¥0®^^\-...

The document does not appear to be in UTF-8 encoding.
Try adding \UseRawInputEncoding as the first line of the file
or specify an encoding such as \usepackage [latin1]{inputenc}
in the document preamble.
Alternatively, save the file in UTF-8 using your editor or another tool


! LaTeX Error: Invalid UTF-8 byte "A6.

See the LaTeX manual or LaTeX Companion for explanation.
Type  H <return>  for immediate help.
 ...                                              
                                                  
l.50 }h!^^SíÊú«i˜Û~CX¶
                      ô‰í4´vÊÜ≠»≤è9Ô⁄Æé¨©[∏nK}›^^[^^]^^Um^^OÑ^^^8^^T¥0®^^\-...

The document does not appear to be in UTF-8 encoding.
Try adding \UseRawInputEncoding as the first line of the file
or specify an encoding such as \usepackage [latin1]{inputenc}
in the document preamble.
Alternatively, save the file in UTF-8 using your editor or another tool


! LaTeX Error: Invalid UTF-8 byte "99.

See the LaTeX manual or LaTeX Companion for explanation.
Type  H <return>  for immediate help.
 ...                                              
                                                  
l.50 }h!^^SíÊú«i˜Û~CX¶ô
                       ‰í4´vÊÜ≠»≤è9Ô⁄Æé¨©[∏nK}›^^[^^]^^Um^^OÑ^^^8^^T¥0®^^\-...

The document does not appear to be in UTF-8 encoding.
Try adding \UseRawInputEncoding as the first line of the file
or specify an encoding such as \usepackage [latin1]{inputenc}
in the document preamble.
Alternatively, save the file in UTF-8 using your editor or another tool


! LaTeX Error: Invalid UTF-8 byte sequence (‰í4).

See the LaTeX manual or LaTeX Companion for explanation.
Type  H <return>  for immediate help.
 ...                                              
                                                  
l.50 }h!^^SíÊú«i˜Û~CX¶ô‰í4
                          ´vÊÜ≠»≤è9Ô⁄Æé¨©[∏nK}›^^[^^]^^Um^^OÑ^^^8^^T¥0®^^\-...

The document does not appear to be in UTF-8 encoding.
Try adding \UseRawInputEncoding as the first line of the file
or specify an encoding such as \usepackage [latin1]{inputenc}
in the document preamble.
Alternatively, save the file in UTF-8 using your editor or another tool


! LaTeX Error: Invalid UTF-8 byte "AB.

See the LaTeX manual or LaTeX Companion for explanation.
Type  H <return>  for immediate help.
 ...                                              
                                                  
l.50 }h!^^SíÊú«i˜Û~CX¶ô‰í4´
                           vÊÜ≠»≤è9Ô⁄Æé¨©[∏nK}›^^[^^]^^Um^^OÑ^^^8^^T¥0®^^\-...

The document does not appear to be in UTF-8 encoding.
Try adding \UseRawInputEncoding as the first line of the file
or specify an encoding such as \usepackage [latin1]{inputenc}
in the document preamble.
Alternatively, save the file in UTF-8 using your editor or another tool

Missing character: There is no v in font nullfont!

! LaTeX Error: Invalid UTF-8 byte sequence (ÊÜ).

See the LaTeX manual or LaTeX Companion for explanation.
Type  H <return>  for immediate help.
 ...                                              
                                                  
l.50 }h!^^SíÊú«i˜Û~CX¶ô‰í4´vÊÜ
                               ≠»≤è9Ô⁄Æé¨©[∏nK}›^^[^^]^^Um^^OÑ^^^8^^T¥0®^^\-...

The document does not appear to be in UTF-8 encoding.
Try adding \UseRawInputEncoding as the first line of the file
or specify an encoding such as \usepackage [latin1]{inputenc}
in the document preamble.
Alternatively, save the file in UTF-8 using your editor or another tool


! LaTeX Error: Invalid UTF-8 byte "AD.

See the LaTeX manual or LaTeX Companion for explanation.
Type  H <return>  for immediate help.
 ...                                              
                                                  
l.50 }h!^^SíÊú«i˜Û~CX¶ô‰í4´vÊÜ≠
                                »≤è9Ô⁄Æé¨©[∏nK}›^^[^^]^^Um^^OÑ^^^8^^T¥0®^^\-...

The document does not appear to be in UTF-8 encoding.
Try adding \UseRawInputEncoding as the first line of the file
or specify an encoding such as \usepackage [latin1]{inputenc}
in the document preamble.
Alternatively, save the file in UTF-8 using your editor or another tool

LaTeX Font Info:    Trying to load font information for +cmr on input line 50.
LaTeX Font Info:    No file cmr.fd. on input line 50.

LaTeX Font Warning: Font shape `/cmr/m/n' undefined
(Font)              using `/cmr/m/n' instead on input line 50.

! Corrupted NFSS tables.
wrong@fontshape ...message {Corrupted NFSS tables}
                                                  error@fontshape else let f...
l.50 }h!^^SíÊú«i˜Û~CX¶ô‰í4´vÊÜ≠»≤
                                  è9Ô⁄Æé¨©[∏nK}›^^[^^]^^Um^^OÑ^^^8^^T¥0®^^\-...
This error message was generated by an \errmessage
command, so I can't give any explicit help.
Pretend that you're Hercule Poirot: Examine all clues,
and deduce the truth by order and method.


LaTeX Font Warning: Font shape `/cmr/m/n' undefined
(Font)              using `OT1/cmr/m/n' instead on input line 50.


! LaTeX Error: Invalid UTF-8 byte "8F.

See the LaTeX manual or LaTeX Companion for explanation.
Type  H <return>  for immediate help.
 ...                                              
                                                  
l.50 }h!^^SíÊú«i˜Û~CX¶ô‰í4´vÊÜ≠»≤è
                                   9Ô⁄Æé¨©[∏nK}›^^[^^]^^Um^^OÑ^^^8^^T¥0®^^\-...

The document does not appear to be in UTF-8 encoding.
Try adding \UseRawInputEncoding as the first line of the file
or specify an encoding such as \usepackage [latin1]{inputenc}
in the document preamble.
Alternatively, save the file in UTF-8 using your editor or another tool

Missing character: There is no 9 in font nullfont!

! LaTeX Error: Invalid UTF-8 byte sequence (Ô⁄Æ).

See the LaTeX manual or LaTeX Companion for explanation.
Type  H <return>  for immediate help.
 ...                                              
                                                  
l.50 }h!^^SíÊú«i˜Û~CX¶ô‰í4´vÊÜ≠»≤è9Ô⁄Æ
                                       é¨©[∏nK}›^^[^^]^^Um^^OÑ^^^8^^T¥0®^^\-...

The document does not appear to be in UTF-8 encoding.
Try adding \UseRawInputEncoding as the first line of the file
or specify an encoding such as \usepackage [latin1]{inputenc}
in the document preamble.
Alternatively, save the file in UTF-8 using your editor or another tool


! LaTeX Error: Invalid UTF-8 byte "8E.

See the LaTeX manual or LaTeX Companion for explanation.
Type  H <return>  for immediate help.
 ...                                              
                                                  
l.50 }h!^^SíÊú«i˜Û~CX¶ô‰í4´vÊÜ≠»≤è9Ô⁄Æé
                                        ¨©[∏nK}›^^[^^]^^Um^^OÑ^^^8^^T¥0®^^\-...

The document does not appear to be in UTF-8 encoding.
Try adding \UseRawInputEncoding as the first line of the file
or specify an encoding such as \usepackage [latin1]{inputenc}
in the document preamble.
Alternatively, save the file in UTF-8 using your editor or another tool


! LaTeX Error: Invalid UTF-8 byte "AC.

See the LaTeX manual or LaTeX Companion for explanation.
Type  H <return>  for immediate help.
 ...                                              
                                                  
l.50 }h!^^SíÊú«i˜Û~CX¶ô‰í4´vÊÜ≠»≤è9Ô⁄Æé¨
                                         ©[∏nK}›^^[^^]^^Um^^OÑ^^^8^^T¥0®^^\-...

The document does not appear to be in UTF-8 encoding.
Try adding \UseRawInputEncoding as the first line of the file
or specify an encoding such as \usepackage [latin1]{inputenc}
in the document preamble.
Alternatively, save the file in UTF-8 using your editor or another tool


! LaTeX Error: Invalid UTF-8 byte "A9.

See the LaTeX manual or LaTeX Companion for explanation.
Type  H <return>  for immediate help.
 ...                                              
                                                  
l.50 }h!^^SíÊú«i˜Û~CX¶ô‰í4´vÊÜ≠»≤è9Ô⁄Æé¨©
                                          [∏nK}›^^[^^]^^Um^^OÑ^^^8^^T¥0®^^\-...

The document does not appear to be in UTF-8 encoding.
Try adding \UseRawInputEncoding as the first line of the file
or specify an encoding such as \usepackage [latin1]{inputenc}
in the document preamble.
Alternatively, save the file in UTF-8 using your editor or another tool

Missing character: There is no [ in font nullfont!

! LaTeX Error: Invalid UTF-8 byte "B8.

See the LaTeX manual or LaTeX Companion for explanation.
Type  H <return>  for immediate help.
 ...                                              
                                                  
l.50 }h!^^SíÊú«i˜Û~CX¶ô‰í4´vÊÜ≠»≤è9Ô⁄Æé¨©[∏
                                            nK}›^^[^^]^^Um^^OÑ^^^8^^T¥0®^^\-...

The document does not appear to be in UTF-8 encoding.
Try adding \UseRawInputEncoding as the first line of the file
or specify an encoding such as \usepackage [latin1]{inputenc}
in the document preamble.
Alternatively, save the file in UTF-8 using your editor or another tool

Missing character: There is no n in font nullfont!
Missing character: There is no K in font nullfont!
! Too many }'s.
l.50 }h!^^SíÊú«i˜Û~CX¶ô‰í4´vÊÜ≠»≤è9Ô⁄Æé¨©[∏nK}
                                               ›^^[^^]^^Um^^OÑ^^^8^^T¥0®^^\-...
You've closed more groups than you opened.
Such booboos are generally harmless, so keep going.


! LaTeX Error: Invalid UTF-8 byte sequence (›^^[).

See the LaTeX manual or LaTeX Companion for explanation.
Type  H <return>  for immediate help.
 ...                                              
                                                  
l.50 ...^SíÊú«i˜Û~CX¶ô‰í4´vÊÜ≠»≤è9Ô⁄Æé¨©[∏nK}›^^[
                                                  ^^]^^Um^^OÑ^^^8^^T¥0®^^\-‡...

The document does not appear to be in UTF-8 encoding.
Try adding \UseRawInputEncoding as the first line of the file
or specify an encoding such as \usepackage [latin1]{inputenc}
in the document preamble.
Alternatively, save the file in UTF-8 using your editor or another tool


! LaTeX Error: Unicode character ^^] (U+001D)
               not set up for use with LaTeX.

See the LaTeX manual or LaTeX Companion for explanation.
Type  H <return>  for immediate help.
 ...                                              
                                                  
l.50 ...Êú«i˜Û~CX¶ô‰í4´vÊÜ≠»≤è9Ô⁄Æé¨©[∏nK}›^^[^^]
                                                  ^^Um^^OÑ^^^8^^T¥0®^^\-‡B•©...

You may provide a definition with
\DeclareUnicodeCharacter 


! LaTeX Error: Unicode character ^^U (U+0015)
               not set up for use with LaTeX.

See the LaTeX manual or LaTeX Companion for explanation.
Type  H <return>  for immediate help.
 ...                                              
                                                  
l.50 ...i˜Û~CX¶ô‰í4´vÊÜ≠»≤è9Ô⁄Æé¨©[∏nK}›^^[^^]^^U
                                                  m^^OÑ^^^8^^T¥0®^^\-‡B•©ñ"....

You may provide a definition with
\DeclareUnicodeCharacter 

Missing character: There is no m in font nullfont!

! LaTeX Error: Unicode character ^^O (U+000F)
               not set up for use with LaTeX.

See the LaTeX manual or LaTeX Companion for explanation.
Type  H <return>  for immediate help.
 ...                                              
                                                  
l.50 ...CX¶ô‰í4´vÊÜ≠»≤è9Ô⁄Æé¨©[∏nK}›^^[^^]^^Um^^O
                                                  Ñ^^^8^^T¥0®^^\-‡B•©ñ".|Ë⁄0...

You may provide a definition with
\DeclareUnicodeCharacter 


! LaTeX Error: Invalid UTF-8 byte "84.

See the LaTeX manual or LaTeX Companion for explanation.
Type  H <return>  for immediate help.
 ...                                              
                                                  
l.50 ...X¶ô‰í4´vÊÜ≠»≤è9Ô⁄Æé¨©[∏nK}›^^[^^]^^Um^^OÑ
                                                  ^^^8^^T¥0®^^\-‡B•©ñ".|Ë⁄0@...

The document does not appear to be in UTF-8 encoding.
Try adding \UseRawInputEncoding as the first line of the file
or specify an encoding such as \usepackage [latin1]{inputenc}
in the document preamble.
Alternatively, save the file in UTF-8 using your editor or another tool


! LaTeX Error: Unicode character ^^^ (U+001E)
               not set up for use with LaTeX.

See the LaTeX manual or LaTeX Companion for explanation.
Type  H <return>  for immediate help.
 ...                                              
                                                  
l.50 ...‰í4´vÊÜ≠»≤è9Ô⁄Æé¨©[∏nK}›^^[^^]^^Um^^OÑ^^^
                                                  8^^T¥0®^^\-‡B•©ñ".|Ë⁄0@J"2...

You may provide a definition with
\DeclareUnicodeCharacter 

Missing character: There is no 8 in font nullfont!

! LaTeX Error: Unicode character ^^T (U+0014)
               not set up for use with LaTeX.

See the LaTeX manual or LaTeX Companion for explanation.
Type  H <return>  for immediate help.
 ...                                              
                                                  
l.50 ...vÊÜ≠»≤è9Ô⁄Æé¨©[∏nK}›^^[^^]^^Um^^OÑ^^^8^^T
                                                  ¥0®^^\-‡B•©ñ".|Ë⁄0@J"2>J3•...

You may provide a definition with
\DeclareUnicodeCharacter 


! LaTeX Error: Invalid UTF-8 byte "B4.

See the LaTeX manual or LaTeX Companion for explanation.
Type  H <return>  for immediate help.
 ...                                              
                                                  
l.50 ...ÊÜ≠»≤è9Ô⁄Æé¨©[∏nK}›^^[^^]^^Um^^OÑ^^^8^^T¥
                                                  0®^^\-‡B•©ñ".|Ë⁄0@J"2>J3•4...

The document does not appear to be in UTF-8 encoding.
Try adding \UseRawInputEncoding as the first line of the file
or specify an encoding such as \usepackage [latin1]{inputenc}
in the document preamble.
Alternatively, save the file in UTF-8 using your editor or another tool

Missing character: There is no 0 in font nullfont!

! LaTeX Error: Invalid UTF-8 byte "A8.

See the LaTeX manual or LaTeX Companion for explanation.
Type  H <return>  for immediate help.
 ...                                              
                                                  
l.50 ...≠»≤è9Ô⁄Æé¨©[∏nK}›^^[^^]^^Um^^OÑ^^^8^^T¥0®
                                                  ^^\-‡B•©ñ".|Ë⁄0@J"2>J3•4^^...

The document does not appear to be in UTF-8 encoding.
Try adding \UseRawInputEncoding as the first line of the file
or specify an encoding such as \usepackage [latin1]{inputenc}
in the document preamble.
Alternatively, save the file in UTF-8 using your editor or another tool


! LaTeX Error: Unicode character ^^\ (U+001C)
               not set up for use with LaTeX.

See the LaTeX manual or LaTeX Companion for explanation.
Type  H <return>  for immediate help.
 ...                                              
                                                  
l.50 ...≤è9Ô⁄Æé¨©[∏nK}›^^[^^]^^Um^^OÑ^^^8^^T¥0®^^\
                                                  -‡B•©ñ".|Ë⁄0@J"2>J3•4^^Y„$...

You may provide a definition with
\DeclareUnicodeCharacter 

Missing character: There is no - in font nullfont!

! LaTeX Error: Invalid UTF-8 byte sequence (‡B•).

See the LaTeX manual or LaTeX Companion for explanation.
Type  H <return>  for immediate help.
 ...                                              
                                                  
l.50 ...⁄Æé¨©[∏nK}›^^[^^]^^Um^^OÑ^^^8^^T¥0®^^\-‡B•
                                                  ©ñ".|Ë⁄0@J"2>J3•4^^Y„$K¸Kx...

The document does not appear to be in UTF-8 encoding.
Try adding \UseRawInputEncoding as the first line of the file
or specify an encoding such as \usepackage [latin1]{inputenc}
in the document preamble.
Alternatively, save the file in UTF-8 using your editor or another tool


! LaTeX Error: Invalid UTF-8 byte "A9.

See the LaTeX manual or LaTeX Companion for explanation.
Type  H <return>  for immediate help.
 ...                                              
                                                  
l.50 ...Æé¨©[∏nK}›^^[^^]^^Um^^OÑ^^^8^^T¥0®^^\-‡B•©
                                                  ñ".|Ë⁄0@J"2>J3•4^^Y„$K¸Kx˚...

The document does not appear to be in UTF-8 encoding.
Try adding \UseRawInputEncoding as the first line of the file
or specify an encoding such as \usepackage [latin1]{inputenc}
in the document preamble.
Alternatively, save the file in UTF-8 using your editor or another tool


! LaTeX Error: Invalid UTF-8 byte "96.

See the LaTeX manual or LaTeX Companion for explanation.
Type  H <return>  for immediate help.
 ...                                              
                                                  
l.50 ...é¨©[∏nK}›^^[^^]^^Um^^OÑ^^^8^^T¥0®^^\-‡B•©ñ
                                                  ".|Ë⁄0@J"2>J3•4^^Y„$K¸Kx˚u...

The document does not appear to be in UTF-8 encoding.
Try adding \UseRawInputEncoding as the first line of the file
or specify an encoding such as \usepackage [latin1]{inputenc}
in the document preamble.
Alternatively, save the file in UTF-8 using your editor or another tool

Missing character: There is no " in font nullfont!
Missing character: There is no . in font nullfont!
Missing character: There is no | in font nullfont!

! LaTeX Error: Invalid UTF-8 byte sequence (Ë⁄0).

See the LaTeX manual or LaTeX Companion for explanation.
Type  H <return>  for immediate help.
 ...                                              
                                                  
l.50 ...K}›^^[^^]^^Um^^OÑ^^^8^^T¥0®^^\-‡B•©ñ".|Ë⁄0
                                                  @J"2>J3•4^^Y„$K¸Kx˚u¨ﬁz\èÒ‘
The document does not appear to be in UTF-8 encoding.
Try adding \UseRawInputEncoding as the first line of the file
or specify an encoding such as \usepackage [latin1]{inputenc}
in the document preamble.
Alternatively, save the file in UTF-8 using your editor or another tool

Missing character: There is no @ in font nullfont!
Missing character: There is no J in font nullfont!
Missing character: There is no " in font nullfont!
Missing character: There is no 2 in font nullfont!
Missing character: There is no > in font nullfont!
Missing character: There is no J in font nullfont!
Missing character: There is no 3 in font nullfont!

! LaTeX Error: Invalid UTF-8 byte "A5.

See the LaTeX manual or LaTeX Companion for explanation.
Type  H <return>  for immediate help.
 ...                                              
                                                  
l.50 ...]^^Um^^OÑ^^^8^^T¥0®^^\-‡B•©ñ".|Ë⁄0@J"2>J3•
                                                  4^^Y„$K¸Kx˚u¨ﬁz\èÒ‘
The document does not appear to be in UTF-8 encoding.
Try adding \UseRawInputEncoding as the first line of the file
or specify an encoding such as \usepackage [latin1]{inputenc}
in the document preamble.
Alternatively, save the file in UTF-8 using your editor or another tool

Missing character: There is no 4 in font nullfont!

! LaTeX Error: Unicode character ^^Y (U+0019)
               not set up for use with LaTeX.

See the LaTeX manual or LaTeX Companion for explanation.
Type  H <return>  for immediate help.
 ...                                              
                                                  
l.50 ...m^^OÑ^^^8^^T¥0®^^\-‡B•©ñ".|Ë⁄0@J"2>J3•4^^Y
                                                  „$K¸Kx˚u¨ﬁz\èÒ‘
You may provide a definition with
\DeclareUnicodeCharacter 


! LaTeX Error: Invalid UTF-8 byte sequence („$K).

See the LaTeX manual or LaTeX Companion for explanation.
Type  H <return>  for immediate help.
 ...                                              
                                                  
l.50 ...OÑ^^^8^^T¥0®^^\-‡B•©ñ".|Ë⁄0@J"2>J3•4^^Y„$K
                                                  ¸Kx˚u¨ﬁz\èÒ‘
The document does not appear to be in UTF-8 encoding.
Try adding \UseRawInputEncoding as the first line of the file
or specify an encoding such as \usepackage [latin1]{inputenc}
in the document preamble.
Alternatively, save the file in UTF-8 using your editor or another tool


! LaTeX Error: Invalid UTF-8 byte "FC.

See the LaTeX manual or LaTeX Companion for explanation.
Type  H <return>  for immediate help.
 ...                                              
                                                  
l.50 ...Ñ^^^8^^T¥0®^^\-‡B•©ñ".|Ë⁄0@J"2>J3•4^^Y„$K¸
                                                  Kx˚u¨ﬁz\èÒ‘
The document does not appear to be in UTF-8 encoding.
Try adding \UseRawInputEncoding as the first line of the file
or specify an encoding such as \usepackage [latin1]{inputenc}
in the document preamble.
Alternatively, save the file in UTF-8 using your editor or another tool

Missing character: There is no K in font nullfont!
Missing character: There is no x in font nullfont!

! LaTeX Error: Invalid UTF-8 byte "FB.

See the LaTeX manual or LaTeX Companion for explanation.
Type  H <return>  for immediate help.
 ...                                              
                                                  
l.50 ...^8^^T¥0®^^\-‡B•©ñ".|Ë⁄0@J"2>J3•4^^Y„$K¸Kx˚
                                                  u¨ﬁz\èÒ‘
The document does not appear to be in UTF-8 encoding.
Try adding \UseRawInputEncoding as the first line of the file
or specify an encoding such as \usepackage [latin1]{inputenc}
in the document preamble.
Alternatively, save the file in UTF-8 using your editor or another tool

Missing character: There is no u in font nullfont!

! LaTeX Error: Invalid UTF-8 byte "AC.

See the LaTeX manual or LaTeX Companion for explanation.
Type  H <return>  for immediate help.
 ...                                              
                                                  
l.50 ...^^T¥0®^^\-‡B•©ñ".|Ë⁄0@J"2>J3•4^^Y„$K¸Kx˚u¨
                                                  ﬁz\èÒ‘
The document does not appear to be in UTF-8 encoding.
Try adding \UseRawInputEncoding as the first line of the file
or specify an encoding such as \usepackage [latin1]{inputenc}
in the document preamble.
Alternatively, save the file in UTF-8 using your editor or another tool


! LaTeX Error: Invalid UTF-8 byte sequence (ﬁz).

See the LaTeX manual or LaTeX Companion for explanation.
Type  H <return>  for immediate help.
 ...                                              
                                                  
l.50 ...T¥0®^^\-‡B•©ñ".|Ë⁄0@J"2>J3•4^^Y„$K¸Kx˚u¨ﬁz
                                                  \èÒ‘
The document does not appear to be in UTF-8 encoding.
Try adding \UseRawInputEncoding as the first line of the file
or specify an encoding such as \usepackage [latin1]{inputenc}
in the document preamble.
Alternatively, save the file in UTF-8 using your editor or another tool

! Undefined control sequence.
l.50 ...0®^^\-‡B•©ñ".|Ë⁄0@J"2>J3•4^^Y„$K¸Kx˚u¨ﬁz\è
                                                  Ò‘
The control sequence at the end of the top line
of your error message was never \def'ed. If you have
misspelled it (e.g., `\hobx'), type `I' and the correct
spelling (e.g., `I\hbox'). Otherwise just continue,
and I'll forget about whatever was undefined.


! LaTeX Error: Invalid UTF-8 byte sequence (Ò‘^^C*).

See the LaTeX manual or LaTeX Companion for explanation.
Type  H <return>  for immediate help.
 ...                                              
                                                  
l.51 ^^C*
         ⁄Y∂VlÏ±"ˇ¿≠˜c•pÑ‡^^XØæs|^≠W≥∏c“^^OÀjëù÷√té^^Rr‚c˛âiÜ:c0Æ∫nÓ⁄^^E&˘^^...

The document does not appear to be in UTF-8 encoding.
Try adding \UseRawInputEncoding as the first line of the file
or specify an encoding such as \usepackage [latin1]{inputenc}
in the document preamble.
Alternatively, save the file in UTF-8 using your editor or another tool


! LaTeX Error: Invalid UTF-8 byte sequence (⁄Y).

See the LaTeX manual or LaTeX Companion for explanation.
Type  H <return>  for immediate help.
 ...                                              
                                                  
l.51 ^^C*⁄Y
           ∂VlÏ±"ˇ¿≠˜c•pÑ‡^^XØæs|^≠W≥∏c“^^OÀjëù÷√té^^Rr‚c˛âiÜ:c0Æ∫nÓ⁄^^E&˘^^...

The document does not appear to be in UTF-8 encoding.
Try adding \UseRawInputEncoding as the first line of the file
or specify an encoding such as \usepackage [latin1]{inputenc}
in the document preamble.
Alternatively, save the file in UTF-8 using your editor or another tool


! LaTeX Error: Invalid UTF-8 byte "B6.

See the LaTeX manual or LaTeX Companion for explanation.
Type  H <return>  for immediate help.
 ...                                              
                                                  
l.51 ^^C*⁄Y∂
            VlÏ±"ˇ¿≠˜c•pÑ‡^^XØæs|^≠W≥∏c“^^OÀjëù÷√té^^Rr‚c˛âiÜ:c0Æ∫nÓ⁄^^E&˘^^...

The document does not appear to be in UTF-8 encoding.
Try adding \UseRawInputEncoding as the first line of the file
or specify an encoding such as \usepackage [latin1]{inputenc}
in the document preamble.
Alternatively, save the file in UTF-8 using your editor or another tool

Missing character: There is no V in font nullfont!
Missing character: There is no l in font nullfont!

! LaTeX Error: Invalid UTF-8 byte sequence (Ï±").

See the LaTeX manual or LaTeX Companion for explanation.
Type  H <return>  for immediate help.
 ...                                              
                                                  
l.51 ^^C*⁄Y∂VlÏ±"
                 ˇ¿≠˜c•pÑ‡^^XØæs|^≠W≥∏c“^^OÀjëù÷√té^^Rr‚c˛âiÜ:c0Æ∫nÓ⁄^^E&˘^^...
(That makes 100 errors; please try again.) 
Here is how much of TeX's memory you used:
 56 strings out of 474495
 942 string characters out of 5736820
 1924460 words of memory out of 5000000
 22432 multiletter control sequences out of 15000+600000
 558069 words of font info for 36 fonts, out of 8000000 for 9000
 1141 hyphenation exceptions out of 8191
 23i,1n,32p,144b,90s stack positions out of 10000i,1000n,20000p,200000b,200000s

!  ==> Fatal error occurred, no output PDF file produced!
